2015-03-25 18:36:18 INFO  [java.lang.Thread.main] Logger Init..
2015-03-25 18:36:33 INFO  [java.lang.Thread.Thread-6] Loading finished in 9,288000
2015-03-25 18:39:02 INFO  [java.lang.Thread.main] Logger Init..
2015-03-25 18:40:02 INFO  [java.lang.Runtime.main] Logger Init..
2015-03-25 18:43:46 INFO  [java.lang.Runtime.main] Logger Init..
2015-03-25 18:44:04 INFO  [java.lang.Runtime.main] Logger Init..
2015-03-25 18:45:40 INFO  [java.lang.Runtime.main] Logger Init..
2015-03-25 18:46:31 INFO  [java.lang.Runtime.main] Logger Init..
2015-03-25 18:47:13 INFO  [java.lang.Runtime.main] Logger Init..
2015-03-25 23:43:22 INFO  [app.App.main] Logger Init..
2015-03-25 23:44:34 INFO  [app.App.main] Logger Init..
2015-03-25 23:53:05 INFO  [app.App.main] Logger Init..
2015-03-26 01:46:26 INFO  [app.App.main] Logger Init..
2015-03-26 01:48:23 INFO  [app.App.main] Logger Init..
2015-03-26 17:48:08 INFO  [app.App.main] Logger Init..
2015-03-26 17:48:57 INFO  [app.App.main] Logger Init..
2015-03-26 17:49:28 INFO  [app.App.main] Logger Init..
2015-03-26 17:50:33 INFO  [app.App.main] Logger Init..
2015-03-26 17:50:40 INFO  [app.App.main] Logger Init..
2015-03-26 17:52:32 INFO  [app.App.main] Logger Init..
2015-03-26 17:53:02 INFO  [app.App.main] Logger Init..
2015-03-26 17:54:41 INFO  [app.App.main] Logger Init..
2015-03-26 17:55:25 INFO  [app.App.main] Logger Init..
2015-03-26 18:01:30 INFO  [app.App.main] Logger Init..
2015-03-26 18:02:56 INFO  [app.App.main] Logger Init..
2015-03-26 18:04:59 INFO  [app.App.main] Logger Init..
2015-03-26 18:05:18 INFO  [app.App.main] Logger Init..
2015-03-26 18:23:40 INFO  [app.App.main] Logger Init..
2015-03-26 18:24:05 INFO  [app.App.main] Logger Init..
2015-03-26 18:25:28 INFO  [app.App.main] Logger Init..
2015-03-26 18:28:52 INFO  [app.App.main] Logger Init..
2015-03-26 18:31:33 INFO  [app.App.main] Logger Init..
2015-03-26 19:08:42 INFO  [app.App.main] Logger Init..
2015-03-27 11:15:25 INFO  [app.App.main] Logger Init..
2015-03-27 11:17:21 INFO  [app.App.main] Logger Init..
2015-03-27 11:22:05 INFO  [app.App.main] Logger Init..
2015-03-27 11:23:57 INFO  [app.App.Thread-6] 01 min 05 sec
2015-03-27 11:30:06 DEBUG [app.App.Thread-6] Loading time
2015-03-27 11:39:09 INFO  [app.App.Thread-6] Loading time
2015-03-27 11:42:36 INFO  [app.App.Thread-6] Documents: 142 Time: 01 min 54 sec
2015-03-27 12:05:41 INFO  [app.App.Thread-6] Documents: 142 Time: 01 min 46 sec
2015-03-27 12:10:57 INFO  [app.App.Thread-6] Documents: 140 Time: 00 min 51 sec
2015-03-27 12:15:44 INFO  [app.App.Thread-6] Documents: 14 Time: 00 min 10 sec
2015-03-27 12:31:51 INFO  [app.App.Thread-6] Documents: 142 Time: 00 min 59 sec
2015-03-27 12:32:57 INFO  [app.App.Thread-6] Documents: 142 Time: 00 min 54 sec
2015-03-27 17:44:20 INFO  [app.App.Thread-6] Documents: 14 Time: 00 min 16 sec
2015-03-27 18:02:10 INFO  [app.App.Thread-6] Documents: 140 Time: 14 min 48 sec
2015-03-27 18:04:24 INFO  [app.App.Thread-6] Documents: 142 Time: 00 min 58 sec
2015-03-27 18:16:05 INFO  [app.App.Thread-6] Documents: 142 Time: 00 min 55 sec
2015-03-27 18:18:03 INFO  [app.App.Thread-6] Documents: 142 Time: 00 min 59 sec
2015-03-27 18:21:15 INFO  [app.App.Thread-6] Documents: 142 Time: 01 min 08 sec
2015-03-27 18:27:08 INFO  [app.App.Thread-6] Documents: 142 Time: 01 min 10 sec
2015-03-27 18:46:31 INFO  [app.App.Thread-6] Documents: 142 Time: 01 min 06 sec
2015-03-27 21:03:04 INFO  [app.App.Thread-6] Documents: 142 Time: 01 min 12 sec
2015-03-27 21:06:49 INFO  [app.App.Thread-6] Documents: 142 Time: 01 min 16 sec
